<?xml version="1.0" encoding="UTF-8"?>
<testsuite xmlns:xsi="http://www.w3.org/2001/XMLSchema-instance" xsi:noNamespaceSchemaLocation="https://maven.apache.org/surefire/maven-surefire-plugin/xsd/surefire-test-report.xsd" name="com.xkcoding.docker.SpringBootDemoDockerApplicationTests" time="5.496" tests="1" errors="0" skipped="0" failures="0">
  <properties>
    <property name="sun.desktop" value="gnome"/>
    <property name="awt.toolkit" value="sun.awt.X11.XToolkit"/>
    <property name="file.encoding.pkg" value="sun.io"/>
    <property name="java.specification.version" value="1.8"/>
    <property name="sun.cpu.isalist" value=""/>
    <property name="sun.jnu.encoding" value="UTF-8"/>
    <property name="java.class.path" value="/root/Downloads/java_dev/spring-boot-demo-master/demo-docker/target/test-classes:/root/Downloads/java_dev/spring-boot-demo-master/demo-docker/target/classes:/usr/maven/MAVEN_REPO/org/springframework/boot/spring-boot-starter-web/2.1.0.RELEASE/spring-boot-starter-web-2.1.0.RELEASE.jar:/usr/maven/MAVEN_REPO/org/springframework/boot/spring-boot-starter/2.1.0.RELEASE/spring-boot-starter-2.1.0.RELEASE.jar:/usr/maven/MAVEN_REPO/org/springframework/boot/spring-boot/2.1.0.RELEASE/spring-boot-2.1.0.RELEASE.jar:/usr/maven/MAVEN_REPO/org/springframework/boot/spring-boot-autoconfigure/2.1.0.RELEASE/spring-boot-autoconfigure-2.1.0.RELEASE.jar:/usr/maven/MAVEN_REPO/org/springframework/boot/spring-boot-starter-logging/2.1.0.RELEASE/spring-boot-starter-logging-2.1.0.RELEASE.jar:/usr/maven/MAVEN_REPO/ch/qos/logback/logback-classic/1.2.3/logback-classic-1.2.3.jar:/usr/maven/MAVEN_REPO/ch/qos/logback/logback-core/1.2.3/logback-core-1.2.3.jar:/usr/maven/MAVEN_REPO/org/apache/logging/log4j/log4j-to-slf4j/2.11.1/log4j-to-slf4j-2.11.1.jar:/usr/maven/MAVEN_REPO/org/apache/logging/log4j/log4j-api/2.11.1/log4j-api-2.11.1.jar:/usr/maven/MAVEN_REPO/org/slf4j/jul-to-slf4j/1.7.25/jul-to-slf4j-1.7.25.jar:/usr/maven/MAVEN_REPO/javax/annotation/javax.annotation-api/1.3.2/javax.annotation-api-1.3.2.jar:/usr/maven/MAVEN_REPO/org/yaml/snakeyaml/1.23/snakeyaml-1.23.jar:/usr/maven/MAVEN_REPO/org/springframework/boot/spring-boot-starter-json/2.1.0.RELEASE/spring-boot-starter-json-2.1.0.RELEASE.jar:/usr/maven/MAVEN_REPO/com/fasterxml/jackson/core/jackson-databind/2.9.7/jackson-databind-2.9.7.jar:/usr/maven/MAVEN_REPO/com/fasterxml/jackson/core/jackson-annotations/2.9.0/jackson-annotations-2.9.0.jar:/usr/maven/MAVEN_REPO/com/fasterxml/jackson/core/jackson-core/2.9.7/jackson-core-2.9.7.jar:/usr/maven/MAVEN_REPO/com/fasterxml/jackson/datatype/jackson-datatype-jdk8/2.9.7/jackson-datatype-jdk8-2.9.7.jar:/usr/maven/MAVEN_REPO/com/fasterxml/jackson/datatype/jackson-datatype-jsr310/2.9.7/jackson-datatype-jsr310-2.9.7.jar:/usr/maven/MAVEN_REPO/com/fasterxml/jackson/module/jackson-module-parameter-names/2.9.7/jackson-module-parameter-names-2.9.7.jar:/usr/maven/MAVEN_REPO/org/springframework/boot/spring-boot-starter-tomcat/2.1.0.RELEASE/spring-boot-starter-tomcat-2.1.0.RELEASE.jar:/usr/maven/MAVEN_REPO/org/apache/tomcat/embed/tomcat-embed-core/9.0.12/tomcat-embed-core-9.0.12.jar:/usr/maven/MAVEN_REPO/org/apache/tomcat/embed/tomcat-embed-el/9.0.12/tomcat-embed-el-9.0.12.jar:/usr/maven/MAVEN_REPO/org/apache/tomcat/embed/tomcat-embed-websocket/9.0.12/tomcat-embed-websocket-9.0.12.jar:/usr/maven/MAVEN_REPO/org/hibernate/validator/hibernate-validator/6.0.13.Final/hibernate-validator-6.0.13.Final.jar:/usr/maven/MAVEN_REPO/javax/validation/validation-api/2.0.1.Final/validation-api-2.0.1.Final.jar:/usr/maven/MAVEN_REPO/org/jboss/logging/jboss-logging/3.3.2.Final/jboss-logging-3.3.2.Final.jar:/usr/maven/MAVEN_REPO/com/fasterxml/classmate/1.4.0/classmate-1.4.0.jar:/usr/maven/MAVEN_REPO/org/springframework/spring-web/5.1.2.RELEASE/spring-web-5.1.2.RELEASE.jar:/usr/maven/MAVEN_REPO/org/springframework/spring-beans/5.1.2.RELEASE/spring-beans-5.1.2.RELEASE.jar:/usr/maven/MAVEN_REPO/org/springframework/spring-webmvc/5.1.2.RELEASE/spring-webmvc-5.1.2.RELEASE.jar:/usr/maven/MAVEN_REPO/org/springframework/spring-aop/5.1.2.RELEASE/spring-aop-5.1.2.RELEASE.jar:/usr/maven/MAVEN_REPO/org/springframework/spring-context/5.1.2.RELEASE/spring-context-5.1.2.RELEASE.jar:/usr/maven/MAVEN_REPO/org/springframework/spring-expression/5.1.2.RELEASE/spring-expression-5.1.2.RELEASE.jar:/usr/maven/MAVEN_REPO/org/springframework/boot/spring-boot-starter-test/2.1.0.RELEASE/spring-boot-starter-test-2.1.0.RELEASE.jar:/usr/maven/MAVEN_REPO/org/springframework/boot/spring-boot-test/2.1.0.RELEASE/spring-boot-test-2.1.0.RELEASE.jar:/usr/maven/MAVEN_REPO/org/springframework/boot/spring-boot-test-autoconfigure/2.1.0.RELEASE/spring-boot-test-autoconfigure-2.1.0.RELEASE.jar:/usr/maven/MAVEN_REPO/com/jayway/jsonpath/json-path/2.4.0/json-path-2.4.0.jar:/usr/maven/MAVEN_REPO/net/minidev/json-smart/2.3/json-smart-2.3.jar:/usr/maven/MAVEN_REPO/net/minidev/accessors-smart/1.2/accessors-smart-1.2.jar:/usr/maven/MAVEN_REPO/org/ow2/asm/asm/5.0.4/asm-5.0.4.jar:/usr/maven/MAVEN_REPO/org/slf4j/slf4j-api/1.7.25/slf4j-api-1.7.25.jar:/usr/maven/MAVEN_REPO/junit/junit/4.12/junit-4.12.jar:/usr/maven/MAVEN_REPO/org/assertj/assertj-core/3.11.1/assertj-core-3.11.1.jar:/usr/maven/MAVEN_REPO/org/mockito/mockito-core/2.23.0/mockito-core-2.23.0.jar:/usr/maven/MAVEN_REPO/net/bytebuddy/byte-buddy/1.9.3/byte-buddy-1.9.3.jar:/usr/maven/MAVEN_REPO/net/bytebuddy/byte-buddy-agent/1.9.3/byte-buddy-agent-1.9.3.jar:/usr/maven/MAVEN_REPO/org/objenesis/objenesis/2.6/objenesis-2.6.jar:/usr/maven/MAVEN_REPO/org/hamcrest/hamcrest-core/1.3/hamcrest-core-1.3.jar:/usr/maven/MAVEN_REPO/org/hamcrest/hamcrest-library/1.3/hamcrest-library-1.3.jar:/usr/maven/MAVEN_REPO/org/skyscreamer/jsonassert/1.5.0/jsonassert-1.5.0.jar:/usr/maven/MAVEN_REPO/com/vaadin/external/google/android-json/0.0.20131108.vaadin1/android-json-0.0.20131108.vaadin1.jar:/usr/maven/MAVEN_REPO/org/springframework/spring-core/5.1.2.RELEASE/spring-core-5.1.2.RELEASE.jar:/usr/maven/MAVEN_REPO/org/springframework/spring-jcl/5.1.2.RELEASE/spring-jcl-5.1.2.RELEASE.jar:/usr/maven/MAVEN_REPO/org/springframework/spring-test/5.1.2.RELEASE/spring-test-5.1.2.RELEASE.jar:/usr/maven/MAVEN_REPO/org/xmlunit/xmlunit-core/2.6.2/xmlunit-core-2.6.2.jar:"/>
    <property name="java.vm.vendor" value="Private Build"/>
    <property name="sun.arch.data.model" value="64"/>
    <property name="java.vendor.url" value="http://java.oracle.com/"/>
    <property name="user.timezone" value=""/>
    <property name="java.vm.specification.version" value="1.8"/>
    <property name="os.name" value="Linux"/>
    <property name="user.country" value="CN"/>
    <property name="sun.java.launcher" value="SUN_STANDARD"/>
    <property name="sun.boot.library.path" value="/usr/lib/jvm/java-8-openjdk-amd64/jre/lib/amd64"/>
    <property name="sun.java.command" value="/root/Downloads/java_dev/spring-boot-demo-master/demo-docker/target/surefire/surefirebooter4527172524412110695.jar /root/Downloads/java_dev/spring-boot-demo-master/demo-docker/target/surefire 2022-04-24T11-32-42_683-jvmRun1 surefire8803833932743760578tmp surefire_03767805126361004796tmp"/>
    <property name="surefire.test.class.path" value="/root/Downloads/java_dev/spring-boot-demo-master/demo-docker/target/test-classes:/root/Downloads/java_dev/spring-boot-demo-master/demo-docker/target/classes:/usr/maven/MAVEN_REPO/org/springframework/boot/spring-boot-starter-web/2.1.0.RELEASE/spring-boot-starter-web-2.1.0.RELEASE.jar:/usr/maven/MAVEN_REPO/org/springframework/boot/spring-boot-starter/2.1.0.RELEASE/spring-boot-starter-2.1.0.RELEASE.jar:/usr/maven/MAVEN_REPO/org/springframework/boot/spring-boot/2.1.0.RELEASE/spring-boot-2.1.0.RELEASE.jar:/usr/maven/MAVEN_REPO/org/springframework/boot/spring-boot-autoconfigure/2.1.0.RELEASE/spring-boot-autoconfigure-2.1.0.RELEASE.jar:/usr/maven/MAVEN_REPO/org/springframework/boot/spring-boot-starter-logging/2.1.0.RELEASE/spring-boot-starter-logging-2.1.0.RELEASE.jar:/usr/maven/MAVEN_REPO/ch/qos/logback/logback-classic/1.2.3/logback-classic-1.2.3.jar:/usr/maven/MAVEN_REPO/ch/qos/logback/logback-core/1.2.3/logback-core-1.2.3.jar:/usr/maven/MAVEN_REPO/org/apache/logging/log4j/log4j-to-slf4j/2.11.1/log4j-to-slf4j-2.11.1.jar:/usr/maven/MAVEN_REPO/org/apache/logging/log4j/log4j-api/2.11.1/log4j-api-2.11.1.jar:/usr/maven/MAVEN_REPO/org/slf4j/jul-to-slf4j/1.7.25/jul-to-slf4j-1.7.25.jar:/usr/maven/MAVEN_REPO/javax/annotation/javax.annotation-api/1.3.2/javax.annotation-api-1.3.2.jar:/usr/maven/MAVEN_REPO/org/yaml/snakeyaml/1.23/snakeyaml-1.23.jar:/usr/maven/MAVEN_REPO/org/springframework/boot/spring-boot-starter-json/2.1.0.RELEASE/spring-boot-starter-json-2.1.0.RELEASE.jar:/usr/maven/MAVEN_REPO/com/fasterxml/jackson/core/jackson-databind/2.9.7/jackson-databind-2.9.7.jar:/usr/maven/MAVEN_REPO/com/fasterxml/jackson/core/jackson-annotations/2.9.0/jackson-annotations-2.9.0.jar:/usr/maven/MAVEN_REPO/com/fasterxml/jackson/core/jackson-core/2.9.7/jackson-core-2.9.7.jar:/usr/maven/MAVEN_REPO/com/fasterxml/jackson/datatype/jackson-datatype-jdk8/2.9.7/jackson-datatype-jdk8-2.9.7.jar:/usr/maven/MAVEN_REPO/com/fasterxml/jackson/datatype/jackson-datatype-jsr310/2.9.7/jackson-datatype-jsr310-2.9.7.jar:/usr/maven/MAVEN_REPO/com/fasterxml/jackson/module/jackson-module-parameter-names/2.9.7/jackson-module-parameter-names-2.9.7.jar:/usr/maven/MAVEN_REPO/org/springframework/boot/spring-boot-starter-tomcat/2.1.0.RELEASE/spring-boot-starter-tomcat-2.1.0.RELEASE.jar:/usr/maven/MAVEN_REPO/org/apache/tomcat/embed/tomcat-embed-core/9.0.12/tomcat-embed-core-9.0.12.jar:/usr/maven/MAVEN_REPO/org/apache/tomcat/embed/tomcat-embed-el/9.0.12/tomcat-embed-el-9.0.12.jar:/usr/maven/MAVEN_REPO/org/apache/tomcat/embed/tomcat-embed-websocket/9.0.12/tomcat-embed-websocket-9.0.12.jar:/usr/maven/MAVEN_REPO/org/hibernate/validator/hibernate-validator/6.0.13.Final/hibernate-validator-6.0.13.Final.jar:/usr/maven/MAVEN_REPO/javax/validation/validation-api/2.0.1.Final/validation-api-2.0.1.Final.jar:/usr/maven/MAVEN_REPO/org/jboss/logging/jboss-logging/3.3.2.Final/jboss-logging-3.3.2.Final.jar:/usr/maven/MAVEN_REPO/com/fasterxml/classmate/1.4.0/classmate-1.4.0.jar:/usr/maven/MAVEN_REPO/org/springframework/spring-web/5.1.2.RELEASE/spring-web-5.1.2.RELEASE.jar:/usr/maven/MAVEN_REPO/org/springframework/spring-beans/5.1.2.RELEASE/spring-beans-5.1.2.RELEASE.jar:/usr/maven/MAVEN_REPO/org/springframework/spring-webmvc/5.1.2.RELEASE/spring-webmvc-5.1.2.RELEASE.jar:/usr/maven/MAVEN_REPO/org/springframework/spring-aop/5.1.2.RELEASE/spring-aop-5.1.2.RELEASE.jar:/usr/maven/MAVEN_REPO/org/springframework/spring-context/5.1.2.RELEASE/spring-context-5.1.2.RELEASE.jar:/usr/maven/MAVEN_REPO/org/springframework/spring-expression/5.1.2.RELEASE/spring-expression-5.1.2.RELEASE.jar:/usr/maven/MAVEN_REPO/org/springframework/boot/spring-boot-starter-test/2.1.0.RELEASE/spring-boot-starter-test-2.1.0.RELEASE.jar:/usr/maven/MAVEN_REPO/org/springframework/boot/spring-boot-test/2.1.0.RELEASE/spring-boot-test-2.1.0.RELEASE.jar:/usr/maven/MAVEN_REPO/org/springframework/boot/spring-boot-test-autoconfigure/2.1.0.RELEASE/spring-boot-test-autoconfigure-2.1.0.RELEASE.jar:/usr/maven/MAVEN_REPO/com/jayway/jsonpath/json-path/2.4.0/json-path-2.4.0.jar:/usr/maven/MAVEN_REPO/net/minidev/json-smart/2.3/json-smart-2.3.jar:/usr/maven/MAVEN_REPO/net/minidev/accessors-smart/1.2/accessors-smart-1.2.jar:/usr/maven/MAVEN_REPO/org/ow2/asm/asm/5.0.4/asm-5.0.4.jar:/usr/maven/MAVEN_REPO/org/slf4j/slf4j-api/1.7.25/slf4j-api-1.7.25.jar:/usr/maven/MAVEN_REPO/junit/junit/4.12/junit-4.12.jar:/usr/maven/MAVEN_REPO/org/assertj/assertj-core/3.11.1/assertj-core-3.11.1.jar:/usr/maven/MAVEN_REPO/org/mockito/mockito-core/2.23.0/mockito-core-2.23.0.jar:/usr/maven/MAVEN_REPO/net/bytebuddy/byte-buddy/1.9.3/byte-buddy-1.9.3.jar:/usr/maven/MAVEN_REPO/net/bytebuddy/byte-buddy-agent/1.9.3/byte-buddy-agent-1.9.3.jar:/usr/maven/MAVEN_REPO/org/objenesis/objenesis/2.6/objenesis-2.6.jar:/usr/maven/MAVEN_REPO/org/hamcrest/hamcrest-core/1.3/hamcrest-core-1.3.jar:/usr/maven/MAVEN_REPO/org/hamcrest/hamcrest-library/1.3/hamcrest-library-1.3.jar:/usr/maven/MAVEN_REPO/org/skyscreamer/jsonassert/1.5.0/jsonassert-1.5.0.jar:/usr/maven/MAVEN_REPO/com/vaadin/external/google/android-json/0.0.20131108.vaadin1/android-json-0.0.20131108.vaadin1.jar:/usr/maven/MAVEN_REPO/org/springframework/spring-core/5.1.2.RELEASE/spring-core-5.1.2.RELEASE.jar:/usr/maven/MAVEN_REPO/org/springframework/spring-jcl/5.1.2.RELEASE/spring-jcl-5.1.2.RELEASE.jar:/usr/maven/MAVEN_REPO/org/springframework/spring-test/5.1.2.RELEASE/spring-test-5.1.2.RELEASE.jar:/usr/maven/MAVEN_REPO/org/xmlunit/xmlunit-core/2.6.2/xmlunit-core-2.6.2.jar:"/>
    <property name="sun.cpu.endian" value="little"/>
    <property name="user.home" value="/root"/>
    <property name="user.language" value="zh"/>
    <property name="java.specification.vendor" value="Oracle Corporation"/>
    <property name="java.home" value="/usr/lib/jvm/java-8-openjdk-amd64/jre"/>
    <property name="basedir" value="/root/Downloads/java_dev/spring-boot-demo-master/demo-docker"/>
    <property name="file.separator" value="/"/>
    <property name="line.separator" value="&#10;"/>
    <property name="java.vm.specification.vendor" value="Oracle Corporation"/>
    <property name="java.specification.name" value="Java Platform API Specification"/>
    <property name="java.awt.graphicsenv" value="sun.awt.X11GraphicsEnvironment"/>
    <property name="surefire.real.class.path" value="/root/Downloads/java_dev/spring-boot-demo-master/demo-docker/target/surefire/surefirebooter4527172524412110695.jar"/>
    <property name="sun.boot.class.path" value="/usr/lib/jvm/java-8-openjdk-amd64/jre/lib/resources.jar:/usr/lib/jvm/java-8-openjdk-amd64/jre/lib/rt.jar:/usr/lib/jvm/java-8-openjdk-amd64/jre/lib/sunrsasign.jar:/usr/lib/jvm/java-8-openjdk-amd64/jre/lib/jsse.jar:/usr/lib/jvm/java-8-openjdk-amd64/jre/lib/jce.jar:/usr/lib/jvm/java-8-openjdk-amd64/jre/lib/charsets.jar:/usr/lib/jvm/java-8-openjdk-amd64/jre/lib/jfr.jar:/usr/lib/jvm/java-8-openjdk-amd64/jre/classes"/>
    <property name="sun.management.compiler" value="HotSpot 64-Bit Tiered Compilers"/>
    <property name="java.runtime.version" value="1.8.0_312-8u312-b07-0ubuntu1~20.04-b07"/>
    <property name="user.name" value="root"/>
    <property name="path.separator" value=":"/>
    <property name="os.version" value="5.13.0-40-generic"/>
    <property name="java.endorsed.dirs" value="/usr/lib/jvm/java-8-openjdk-amd64/jre/lib/endorsed"/>
    <property name="java.runtime.name" value="OpenJDK Runtime Environment"/>
    <property name="file.encoding" value="UTF-8"/>
    <property name="java.vm.name" value="OpenJDK 64-Bit Server VM"/>
    <property name="localRepository" value="/usr/maven/MAVEN_REPO"/>
    <property name="java.vendor.url.bug" value="http://bugreport.sun.com/bugreport/"/>
    <property name="java.io.tmpdir" value="/tmp"/>
    <property name="java.version" value="1.8.0_312"/>
    <property name="user.dir" value="/root/Downloads/java_dev/spring-boot-demo-master/demo-docker"/>
    <property name="os.arch" value="amd64"/>
    <property name="java.vm.specification.name" value="Java Virtual Machine Specification"/>
    <property name="java.awt.printerjob" value="sun.print.PSPrinterJob"/>
    <property name="sun.os.patch.level" value="unknown"/>
    <property name="java.library.path" value="/usr/java/packages/lib/amd64:/usr/lib/x86_64-linux-gnu/jni:/lib/x86_64-linux-gnu:/usr/lib/x86_64-linux-gnu:/usr/lib/jni:/lib:/usr/lib"/>
    <property name="java.vm.info" value="mixed mode"/>
    <property name="java.vendor" value="Private Build"/>
    <property name="java.vm.version" value="25.312-b07"/>
    <property name="java.ext.dirs" value="/usr/lib/jvm/java-8-openjdk-amd64/jre/lib/ext:/usr/java/packages/lib/ext"/>
    <property name="sun.io.unicode.encoding" value="UnicodeLittle"/>
    <property name="java.class.version" value="52.0"/>
  </properties>
  <testcase name="contextLoads" classname="com.xkcoding.docker.SpringBootDemoDockerApplicationTests" time="0.313"/>
</testsuite>